<?xml version="1.0" encoding="UTF-8"?>
<testng-results skipped="0" failed="2" ignored="0" total="7" passed="5">
  <reporter-output>
  </reporter-output>
  <suite name="Suite" duration-ms="134628" started-at="2018-10-31T18:11:29Z" finished-at="2018-10-31T18:13:43Z">
    <groups>
      <group name="Login">
        <method signature="LoginPageTest.TC_001()[pri:0, instance:test.LoginPageTest@6580cfdd]" name="TC_001" class="test.LoginPageTest"/>
      </group> <!-- Login -->
    </groups>
    <test name="Test" duration-ms="134628" started-at="2018-10-31T18:11:29Z" finished-at="2018-10-31T18:13:43Z">
      <class name="test.RegisterTest">
        <test-method status="PASS" signature="initialise_Driver()[pri:0, instance:test.RegisterTest@654f0d9c]" name="initialise_Driver" is-config="true" duration-ms="6230" started-at="2018-10-31T18:11:52Z" finished-at="2018-10-31T18:11:58Z">
          <reporter-output>
          </reporter-output>
        </test-method> <!-- initialise_Driver -->
        <test-method status="FAIL" signature="TC_001()[pri:0, instance:test.RegisterTest@654f0d9c]" name="TC_001" duration-ms="16422" started-at="2018-10-31T18:11:58Z" description="creating new user by join now" finished-at="2018-10-31T18:12:14Z">
          <exception class="org.openqa.selenium.NoSuchElementException">
            <message>
              <![CDATA[no such element: Unable to locate element: {"method":"xpath","selector":"//*[@title='Log In']"}
  (Session info: chrome=63.0.3239.90)
  (Driver info: chromedriver=2.35.528161 (5b82f2d2aae0ca24b877009200ced9065a772e73),platform=Windows NT 6.1.7601 SP1 x86_64) (WARNING: The server did not provide any stacktrace information)
Command duration or timeout: 0 milliseconds
For documentation on this error, please visit: http://seleniumhq.org/exceptions/no_such_element.html
Build info: version: '3.11.0', revision: 'e59cfb3', time: '2018-03-11T20:26:55.152Z'
System info: host: 'CHETUIWK080', ip: '172.16.4.94', os.name: 'Windows 7', os.arch: 'amd64', os.version: '6.1', java.version: '1.8.0_161'
Driver info: org.openqa.selenium.chrome.ChromeDriver
Capabilities {acceptInsecureCerts: false, acceptSslCerts: false, applicationCacheEnabled: false, browserConnectionEnabled: false, browserName: chrome, chrome: {chromedriverVersion: 2.35.528161 (5b82f2d2aae0ca..., userDataDir: C:\Users\akashd\AppData\Loc...}, cssSelectorsEnabled: true, databaseEnabled: false, handlesAlerts: true, hasTouchScreen: false, javascriptEnabled: true, locationContextEnabled: true, mobileEmulationEnabled: false, nativeEvents: true, networkConnectionEnabled: false, pageLoadStrategy: normal, platform: XP, platformName: XP, rotatable: false, setWindowRect: true, takesHeapSnapshot: true, takesScreenshot: true, unexpectedAlertBehaviour: , unhandledPromptBehavior: , version: 63.0.3239.90, webStorageEnabled: true}
Session ID: 2093beeaf0990a60efc21b294c7079ff
*** Element info: {Using=xpath, value=//*[@title='Log In']}]]>
            </message>
            <full-stacktrace>
              <![CDATA[org.openqa.selenium.NoSuchElementException: no such element: Unable to locate element: {"method":"xpath","selector":"//*[@title='Log In']"}
  (Session info: chrome=63.0.3239.90)
  (Driver info: chromedriver=2.35.528161 (5b82f2d2aae0ca24b877009200ced9065a772e73),platform=Windows NT 6.1.7601 SP1 x86_64) (WARNING: The server did not provide any stacktrace information)
Command duration or timeout: 0 milliseconds
For documentation on this error, please visit: http://seleniumhq.org/exceptions/no_such_element.html
Build info: version: '3.11.0', revision: 'e59cfb3', time: '2018-03-11T20:26:55.152Z'
System info: host: 'CHETUIWK080', ip: '172.16.4.94', os.name: 'Windows 7', os.arch: 'amd64', os.version: '6.1', java.version: '1.8.0_161'
Driver info: org.openqa.selenium.chrome.ChromeDriver
Capabilities {acceptInsecureCerts: false, acceptSslCerts: false, applicationCacheEnabled: false, browserConnectionEnabled: false, browserName: chrome, chrome: {chromedriverVersion: 2.35.528161 (5b82f2d2aae0ca..., userDataDir: C:\Users\akashd\AppData\Loc...}, cssSelectorsEnabled: true, databaseEnabled: false, handlesAlerts: true, hasTouchScreen: false, javascriptEnabled: true, locationContextEnabled: true, mobileEmulationEnabled: false, nativeEvents: true, networkConnectionEnabled: false, pageLoadStrategy: normal, platform: XP, platformName: XP, rotatable: false, setWindowRect: true, takesHeapSnapshot: true, takesScreenshot: true, unexpectedAlertBehaviour: , unhandledPromptBehavior: , version: 63.0.3239.90, webStorageEnabled: true}
Session ID: 2093beeaf0990a60efc21b294c7079ff
*** Element info: {Using=xpath, value=//*[@title='Log In']}
at sun.reflect.NativeConstructorAccessorImpl.newInstance0(Native Method)
at sun.reflect.NativeConstructorAccessorImpl.newInstance(NativeConstructorAccessorImpl.java:62)
at sun.reflect.DelegatingConstructorAccessorImpl.newInstance(DelegatingConstructorAccessorImpl.java:45)
at java.lang.reflect.Constructor.newInstance(Constructor.java:423)
at org.openqa.selenium.remote.ErrorHandler.createThrowable(ErrorHandler.java:214)
at org.openqa.selenium.remote.ErrorHandler.throwIfResponseFailed(ErrorHandler.java:166)
at org.openqa.selenium.remote.http.JsonHttpResponseCodec.reconstructValue(JsonHttpResponseCodec.java:40)
at org.openqa.selenium.remote.http.AbstractHttpResponseCodec.decode(AbstractHttpResponseCodec.java:80)
at org.openqa.selenium.remote.http.AbstractHttpResponseCodec.decode(AbstractHttpResponseCodec.java:44)
at org.openqa.selenium.remote.HttpCommandExecutor.execute(HttpCommandExecutor.java:158)
at org.openqa.selenium.remote.service.DriverCommandExecutor.execute(DriverCommandExecutor.java:83)
at org.openqa.selenium.remote.RemoteWebDriver.execute(RemoteWebDriver.java:545)
at org.openqa.selenium.remote.RemoteWebDriver.findElement(RemoteWebDriver.java:319)
at org.openqa.selenium.remote.RemoteWebDriver.findElementByXPath(RemoteWebDriver.java:421)
at org.openqa.selenium.By$ByXPath.findElement(By.java:361)
at org.openqa.selenium.remote.RemoteWebDriver.findElement(RemoteWebDriver.java:311)
at org.openqa.selenium.support.pagefactory.DefaultElementLocator.findElement(DefaultElementLocator.java:69)
at org.openqa.selenium.support.pagefactory.internal.LocatingElementHandler.invoke(LocatingElementHandler.java:38)
at com.sun.proxy.$Proxy23.click(Unknown Source)
at test.RegisterTest.TC_001(RegisterTest.java:15)
at sun.reflect.NativeMethodAccessorImpl.invoke0(Native Method)
at sun.reflect.NativeMethodAccessorImpl.invoke(NativeMethodAccessorImpl.java:62)
at sun.reflect.DelegatingMethodAccessorImpl.invoke(DelegatingMethodAccessorImpl.java:43)
at java.lang.reflect.Method.invoke(Method.java:498)
at org.testng.internal.MethodInvocationHelper.invokeMethod(MethodInvocationHelper.java:124)
at org.testng.internal.Invoker.invokeMethod(Invoker.java:583)
at org.testng.internal.Invoker.invokeTestMethod(Invoker.java:719)
at org.testng.internal.Invoker.invokeTestMethods(Invoker.java:989)
at org.testng.internal.TestMethodWorker.invokeTestMethods(TestMethodWorker.java:125)
at org.testng.internal.TestMethodWorker.run(TestMethodWorker.java:109)
at org.testng.TestRunner.privateRun(TestRunner.java:648)
at org.testng.TestRunner.run(TestRunner.java:505)
at org.testng.SuiteRunner.runTest(SuiteRunner.java:455)
at org.testng.SuiteRunner.runSequentially(SuiteRunner.java:450)
at org.testng.SuiteRunner.privateRun(SuiteRunner.java:415)
at org.testng.SuiteRunner.run(SuiteRunner.java:364)
at org.testng.SuiteRunnerWorker.runSuite(SuiteRunnerWorker.java:52)
at org.testng.SuiteRunnerWorker.run(SuiteRunnerWorker.java:84)
at org.testng.TestNG.runSuitesSequentially(TestNG.java:1208)
at org.testng.TestNG.runSuitesLocally(TestNG.java:1137)
at org.testng.TestNG.runSuites(TestNG.java:1049)
at org.testng.TestNG.run(TestNG.java:1017)
at org.apache.maven.surefire.testng.TestNGExecutor.run(TestNGExecutor.java:283)
at org.apache.maven.surefire.testng.TestNGXmlTestSuite.execute(TestNGXmlTestSuite.java:75)
at org.apache.maven.surefire.testng.TestNGProvider.invoke(TestNGProvider.java:120)
at org.apache.maven.surefire.booter.ForkedBooter.invokeProviderInSameClassLoader(ForkedBooter.java:386)
at org.apache.maven.surefire.booter.ForkedBooter.runSuitesInProcess(ForkedBooter.java:323)
at org.apache.maven.surefire.booter.ForkedBooter.main(ForkedBooter.java:143)
]]>
            </full-stacktrace>
          </exception> <!-- org.openqa.selenium.NoSuchElementException -->
          <reporter-output>
          </reporter-output>
        </test-method> <!-- TC_001 -->
        <test-method status="PASS" signature="TearDownBrowser()[pri:0, instance:test.RegisterTest@654f0d9c]" name="TearDownBrowser" is-config="true" duration-ms="1533" started-at="2018-10-31T18:12:14Z" finished-at="2018-10-31T18:12:16Z">
          <reporter-output>
          </reporter-output>
        </test-method> <!-- TearDownBrowser -->
      </class> <!-- test.RegisterTest -->
      <class name="test.Login_using_excelTest">
        <test-method status="PASS" signature="initialise_Driver()[pri:0, instance:test.Login_using_excelTest@63355449]" name="initialise_Driver" is-config="true" duration-ms="4792" started-at="2018-10-31T18:13:17Z" finished-at="2018-10-31T18:13:22Z">
          <reporter-output>
          </reporter-output>
        </test-method> <!-- initialise_Driver -->
        <test-method status="PASS" signature="tc_001()[pri:0, instance:test.Login_using_excelTest@63355449]" name="tc_001" duration-ms="19599" started-at="2018-10-31T18:13:22Z" finished-at="2018-10-31T18:13:42Z">
          <reporter-output>
          </reporter-output>
        </test-method> <!-- tc_001 -->
        <test-method status="PASS" signature="TearDownBrowser()[pri:0, instance:test.Login_using_excelTest@63355449]" name="TearDownBrowser" is-config="true" duration-ms="1471" started-at="2018-10-31T18:13:42Z" finished-at="2018-10-31T18:13:43Z">
          <reporter-output>
          </reporter-output>
        </test-method> <!-- TearDownBrowser -->
      </class> <!-- test.Login_using_excelTest -->
      <class name="test.Tillcart">
        <test-method status="PASS" signature="initialise_Driver()[pri:0, instance:test.Tillcart@9225652]" name="initialise_Driver" is-config="true" duration-ms="8873" started-at="2018-10-31T18:11:29Z" finished-at="2018-10-31T18:11:38Z">
          <reporter-output>
          </reporter-output>
        </test-method> <!-- initialise_Driver -->
        <test-method status="PASS" signature="buying()[pri:0, instance:test.Tillcart@9225652]" name="buying" duration-ms="12495" started-at="2018-10-31T18:11:38Z" description="Adding item to cart and handling it through Paypal" finished-at="2018-10-31T18:11:50Z">
          <reporter-output>
          </reporter-output>
        </test-method> <!-- buying -->
        <test-method status="PASS" signature="TearDownBrowser()[pri:0, instance:test.Tillcart@9225652]" name="TearDownBrowser" is-config="true" duration-ms="1545" started-at="2018-10-31T18:11:50Z" finished-at="2018-10-31T18:11:52Z">
          <reporter-output>
          </reporter-output>
        </test-method> <!-- TearDownBrowser -->
      </class> <!-- test.Tillcart -->
      <class name="test.LoginPageTest">
        <test-method status="PASS" signature="initialise_Driver()[pri:0, instance:test.LoginPageTest@6580cfdd]" name="initialise_Driver" is-config="true" duration-ms="5918" started-at="2018-10-31T18:12:40Z" finished-at="2018-10-31T18:12:46Z">
          <reporter-output>
          </reporter-output>
        </test-method> <!-- initialise_Driver -->
        <test-method status="FAIL" signature="TC_001()[pri:0, instance:test.LoginPageTest@6580cfdd]" name="TC_001" duration-ms="16581" started-at="2018-10-31T18:12:46Z" description="LOGIN TO APPLICATION WITH VALID CREDENTIALS" finished-at="2018-10-31T18:13:02Z">
          <exception class="org.openqa.selenium.NoSuchElementException">
            <message>
              <![CDATA[no such element: Unable to locate element: {"method":"xpath","selector":"//*[@title='Log In']"}
  (Session info: chrome=63.0.3239.90)
  (Driver info: chromedriver=2.35.528161 (5b82f2d2aae0ca24b877009200ced9065a772e73),platform=Windows NT 6.1.7601 SP1 x86_64) (WARNING: The server did not provide any stacktrace information)
Command duration or timeout: 0 milliseconds
For documentation on this error, please visit: http://seleniumhq.org/exceptions/no_such_element.html
Build info: version: '3.11.0', revision: 'e59cfb3', time: '2018-03-11T20:26:55.152Z'
System info: host: 'CHETUIWK080', ip: '172.16.4.94', os.name: 'Windows 7', os.arch: 'amd64', os.version: '6.1', java.version: '1.8.0_161'
Driver info: org.openqa.selenium.chrome.ChromeDriver
Capabilities {acceptInsecureCerts: false, acceptSslCerts: false, applicationCacheEnabled: false, browserConnectionEnabled: false, browserName: chrome, chrome: {chromedriverVersion: 2.35.528161 (5b82f2d2aae0ca..., userDataDir: C:\Users\akashd\AppData\Loc...}, cssSelectorsEnabled: true, databaseEnabled: false, handlesAlerts: true, hasTouchScreen: false, javascriptEnabled: true, locationContextEnabled: true, mobileEmulationEnabled: false, nativeEvents: true, networkConnectionEnabled: false, pageLoadStrategy: normal, platform: XP, platformName: XP, rotatable: false, setWindowRect: true, takesHeapSnapshot: true, takesScreenshot: true, unexpectedAlertBehaviour: , unhandledPromptBehavior: , version: 63.0.3239.90, webStorageEnabled: true}
Session ID: 3d8f995baae17c1b6c2e9f40fed3b7ae
*** Element info: {Using=xpath, value=//*[@title='Log In']}]]>
            </message>
            <full-stacktrace>
              <![CDATA[org.openqa.selenium.NoSuchElementException: no such element: Unable to locate element: {"method":"xpath","selector":"//*[@title='Log In']"}
  (Session info: chrome=63.0.3239.90)
  (Driver info: chromedriver=2.35.528161 (5b82f2d2aae0ca24b877009200ced9065a772e73),platform=Windows NT 6.1.7601 SP1 x86_64) (WARNING: The server did not provide any stacktrace information)
Command duration or timeout: 0 milliseconds
For documentation on this error, please visit: http://seleniumhq.org/exceptions/no_such_element.html
Build info: version: '3.11.0', revision: 'e59cfb3', time: '2018-03-11T20:26:55.152Z'
System info: host: 'CHETUIWK080', ip: '172.16.4.94', os.name: 'Windows 7', os.arch: 'amd64', os.version: '6.1', java.version: '1.8.0_161'
Driver info: org.openqa.selenium.chrome.ChromeDriver
Capabilities {acceptInsecureCerts: false, acceptSslCerts: false, applicationCacheEnabled: false, browserConnectionEnabled: false, browserName: chrome, chrome: {chromedriverVersion: 2.35.528161 (5b82f2d2aae0ca..., userDataDir: C:\Users\akashd\AppData\Loc...}, cssSelectorsEnabled: true, databaseEnabled: false, handlesAlerts: true, hasTouchScreen: false, javascriptEnabled: true, locationContextEnabled: true, mobileEmulationEnabled: false, nativeEvents: true, networkConnectionEnabled: false, pageLoadStrategy: normal, platform: XP, platformName: XP, rotatable: false, setWindowRect: true, takesHeapSnapshot: true, takesScreenshot: true, unexpectedAlertBehaviour: , unhandledPromptBehavior: , version: 63.0.3239.90, webStorageEnabled: true}
Session ID: 3d8f995baae17c1b6c2e9f40fed3b7ae
*** Element info: {Using=xpath, value=//*[@title='Log In']}
at sun.reflect.NativeConstructorAccessorImpl.newInstance0(Native Method)
at sun.reflect.NativeConstructorAccessorImpl.newInstance(NativeConstructorAccessorImpl.java:62)
at sun.reflect.DelegatingConstructorAccessorImpl.newInstance(DelegatingConstructorAccessorImpl.java:45)
at java.lang.reflect.Constructor.newInstance(Constructor.java:423)
at org.openqa.selenium.remote.ErrorHandler.createThrowable(ErrorHandler.java:214)
at org.openqa.selenium.remote.ErrorHandler.throwIfResponseFailed(ErrorHandler.java:166)
at org.openqa.selenium.remote.http.JsonHttpResponseCodec.reconstructValue(JsonHttpResponseCodec.java:40)
at org.openqa.selenium.remote.http.AbstractHttpResponseCodec.decode(AbstractHttpResponseCodec.java:80)
at org.openqa.selenium.remote.http.AbstractHttpResponseCodec.decode(AbstractHttpResponseCodec.java:44)
at org.openqa.selenium.remote.HttpCommandExecutor.execute(HttpCommandExecutor.java:158)
at org.openqa.selenium.remote.service.DriverCommandExecutor.execute(DriverCommandExecutor.java:83)
at org.openqa.selenium.remote.RemoteWebDriver.execute(RemoteWebDriver.java:545)
at org.openqa.selenium.remote.RemoteWebDriver.findElement(RemoteWebDriver.java:319)
at org.openqa.selenium.remote.RemoteWebDriver.findElementByXPath(RemoteWebDriver.java:421)
at org.openqa.selenium.By$ByXPath.findElement(By.java:361)
at org.openqa.selenium.remote.RemoteWebDriver.findElement(RemoteWebDriver.java:311)
at org.openqa.selenium.support.pagefactory.DefaultElementLocator.findElement(DefaultElementLocator.java:69)
at org.openqa.selenium.support.pagefactory.internal.LocatingElementHandler.invoke(LocatingElementHandler.java:38)
at com.sun.proxy.$Proxy23.click(Unknown Source)
at pageobjects.LoginPage.login(LoginPage.java:44)
at utilities.utility.Login_Into_Applcation(utility.java:157)
at test.LoginPageTest.TC_001(LoginPageTest.java:18)
at sun.reflect.NativeMethodAccessorImpl.invoke0(Native Method)
at sun.reflect.NativeMethodAccessorImpl.invoke(NativeMethodAccessorImpl.java:62)
at sun.reflect.DelegatingMethodAccessorImpl.invoke(DelegatingMethodAccessorImpl.java:43)
at java.lang.reflect.Method.invoke(Method.java:498)
at org.testng.internal.MethodInvocationHelper.invokeMethod(MethodInvocationHelper.java:124)
at org.testng.internal.Invoker.invokeMethod(Invoker.java:583)
at org.testng.internal.Invoker.invokeTestMethod(Invoker.java:719)
at org.testng.internal.Invoker.invokeTestMethods(Invoker.java:989)
at org.testng.internal.TestMethodWorker.invokeTestMethods(TestMethodWorker.java:125)
at org.testng.internal.TestMethodWorker.run(TestMethodWorker.java:109)
at org.testng.TestRunner.privateRun(TestRunner.java:648)
at org.testng.TestRunner.run(TestRunner.java:505)
at org.testng.SuiteRunner.runTest(SuiteRunner.java:455)
at org.testng.SuiteRunner.runSequentially(SuiteRunner.java:450)
at org.testng.SuiteRunner.privateRun(SuiteRunner.java:415)
at org.testng.SuiteRunner.run(SuiteRunner.java:364)
at org.testng.SuiteRunnerWorker.runSuite(SuiteRunnerWorker.java:52)
at org.testng.SuiteRunnerWorker.run(SuiteRunnerWorker.java:84)
at org.testng.TestNG.runSuitesSequentially(TestNG.java:1208)
at org.testng.TestNG.runSuitesLocally(TestNG.java:1137)
at org.testng.TestNG.runSuites(TestNG.java:1049)
at org.testng.TestNG.run(TestNG.java:1017)
at org.apache.maven.surefire.testng.TestNGExecutor.run(TestNGExecutor.java:283)
at org.apache.maven.surefire.testng.TestNGXmlTestSuite.execute(TestNGXmlTestSuite.java:75)
at org.apache.maven.surefire.testng.TestNGProvider.invoke(TestNGProvider.java:120)
at org.apache.maven.surefire.booter.ForkedBooter.invokeProviderInSameClassLoader(ForkedBooter.java:386)
at org.apache.maven.surefire.booter.ForkedBooter.runSuitesInProcess(ForkedBooter.java:323)
at org.apache.maven.surefire.booter.ForkedBooter.main(ForkedBooter.java:143)
]]>
            </full-stacktrace>
          </exception> <!-- org.openqa.selenium.NoSuchElementException -->
          <reporter-output>
          </reporter-output>
        </test-method> <!-- TC_001 -->
        <test-method status="PASS" signature="TearDownBrowser()[pri:0, instance:test.LoginPageTest@6580cfdd]" name="TearDownBrowser" is-config="true" duration-ms="1451" started-at="2018-10-31T18:13:02Z" finished-at="2018-10-31T18:13:04Z">
          <reporter-output>
          </reporter-output>
        </test-method> <!-- TearDownBrowser -->
      </class> <!-- test.LoginPageTest -->
      <class name="test.ExcelExtractionTest">
        <test-method status="PASS" signature="initialise_Driver()[pri:0, instance:test.ExcelExtractionTest@7e0b85f9]" name="initialise_Driver" is-config="true" duration-ms="5414" started-at="2018-10-31T18:13:04Z" finished-at="2018-10-31T18:13:09Z">
          <reporter-output>
          </reporter-output>
        </test-method> <!-- initialise_Driver -->
        <test-method status="PASS" signature="read_and_print()[pri:0, instance:test.ExcelExtractionTest@7e0b85f9]" name="read_and_print" duration-ms="1108" started-at="2018-10-31T18:13:09Z" finished-at="2018-10-31T18:13:10Z">
          <reporter-output>
          </reporter-output>
        </test-method> <!-- read_and_print -->
        <test-method status="PASS" signature="TearDownBrowser()[pri:0, instance:test.ExcelExtractionTest@7e0b85f9]" name="TearDownBrowser" is-config="true" duration-ms="858" started-at="2018-10-31T18:13:10Z" finished-at="2018-10-31T18:13:11Z">
          <reporter-output>
          </reporter-output>
        </test-method> <!-- TearDownBrowser -->
        <test-method status="PASS" signature="initialise_Driver()[pri:0, instance:test.ExcelExtractionTest@7e0b85f9]" name="initialise_Driver" is-config="true" duration-ms="4801" started-at="2018-10-31T18:13:11Z" finished-at="2018-10-31T18:13:16Z">
          <reporter-output>
          </reporter-output>
        </test-method> <!-- initialise_Driver -->
        <test-method status="PASS" signature="write()[pri:0, instance:test.ExcelExtractionTest@7e0b85f9]" name="write" duration-ms="593" started-at="2018-10-31T18:13:16Z" finished-at="2018-10-31T18:13:16Z">
          <reporter-output>
          </reporter-output>
        </test-method> <!-- write -->
        <test-method status="PASS" signature="TearDownBrowser()[pri:0, instance:test.ExcelExtractionTest@7e0b85f9]" name="TearDownBrowser" is-config="true" duration-ms="998" started-at="2018-10-31T18:13:16Z" finished-at="2018-10-31T18:13:17Z">
          <reporter-output>
          </reporter-output>
        </test-method> <!-- TearDownBrowser -->
      </class> <!-- test.ExcelExtractionTest -->
      <class name="test.QuickViewTest">
        <test-method status="PASS" signature="initialise_Driver()[pri:0, instance:test.QuickViewTest@6a400542]" name="initialise_Driver" is-config="true" duration-ms="5816" started-at="2018-10-31T18:12:16Z" finished-at="2018-10-31T18:12:22Z">
          <reporter-output>
          </reporter-output>
        </test-method> <!-- initialise_Driver -->
        <test-method status="PASS" signature="QuickView()[pri:0, instance:test.QuickViewTest@6a400542]" name="QuickView" duration-ms="16772" started-at="2018-10-31T18:12:22Z" finished-at="2018-10-31T18:12:38Z">
          <reporter-output>
          </reporter-output>
        </test-method> <!-- QuickView -->
        <test-method status="PASS" signature="TearDownBrowser()[pri:0, instance:test.QuickViewTest@6a400542]" name="TearDownBrowser" is-config="true" duration-ms="1275" started-at="2018-10-31T18:12:38Z" finished-at="2018-10-31T18:12:40Z">
          <reporter-output>
          </reporter-output>
        </test-method> <!-- TearDownBrowser -->
      </class> <!-- test.QuickViewTest -->
    </test> <!-- Test -->
  </suite> <!-- Suite -->
</testng-results>
